<?xml version="1.0" encoding="UTF-8"?>
<testsuite name="PackagePluginTest" tests="1" skipped="0" failures="1" errors="0" timestamp="2016-06-23T08:11:53" hostname="PC-20150506GOQK2" time="3.652">
  <properties/>
  <testcase name="testGetTaskName" classname="PackagePluginTest" time="3.652">
    <failure message="org.gradle.api.InvalidUserDataException: Cannot add task ':assemble' as a task with that name already exists." type="org.gradle.api.InvalidUserDataException">org.gradle.api.InvalidUserDataException: Cannot add task ':assemble' as a task with that name already exists.
	at org.gradle.api.internal.tasks.DefaultTaskContainer.create(DefaultTaskContainer.java:60)
	at org.gradle.api.internal.tasks.DefaultTaskContainer.create(DefaultTaskContainer.java:87)
	at org.gradle.api.internal.project.AbstractProject.task(AbstractProject.java:855)
	at org.gradle.api.Project$task.call(Unknown Source)
	at org.codehaus.groovy.runtime.callsite.CallSiteArray.defaultCall(CallSiteArray.java:45)
	at org.codehaus.groovy.runtime.callsite.AbstractCallSite.call(AbstractCallSite.java:108)
	at org.codehaus.groovy.runtime.callsite.AbstractCallSite.call(AbstractCallSite.java:116)
	at PackagePluginTest.testGetTaskName(PackagePluginTest.groovy:37)
	at sun.reflect.NativeMethodAccessorImpl.invoke0(Native Method)
	at sun.reflect.NativeMethodAccessorImpl.invoke(NativeMethodAccessorImpl.java:62)
	at sun.reflect.DelegatingMethodAccessorImpl.invoke(DelegatingMethodAccessorImpl.java:43)
	at java.lang.reflect.Method.invoke(Method.java:497)
	at org.junit.runners.model.FrameworkMethod$1.runReflectiveCall(FrameworkMethod.java:47)
	at org.junit.internal.runners.model.ReflectiveCallable.run(ReflectiveCallable.java:12)
	at org.junit.runners.model.FrameworkMethod.invokeExplosively(FrameworkMethod.java:44)
	at org.junit.internal.runners.statements.InvokeMethod.evaluate(InvokeMethod.java:17)
	at org.junit.runners.ParentRunner.runLeaf(ParentRunner.java:271)
	at org.junit.runners.BlockJUnit4ClassRunner.runChild(BlockJUnit4ClassRunner.java:70)
	at org.junit.runners.BlockJUnit4ClassRunner.runChild(BlockJUnit4ClassRunner.java:50)
	at org.junit.runners.ParentRunner$3.run(ParentRunner.java:238)
	at org.junit.runners.ParentRunner$1.schedule(ParentRunner.java:63)
	at org.junit.runners.ParentRunner.runChildren(ParentRunner.java:236)
	at org.junit.runners.ParentRunner.access$000(ParentRunner.java:53)
	at org.junit.runners.ParentRunner$2.evaluate(ParentRunner.java:229)
	at org.junit.runners.ParentRunner.run(ParentRunner.java:309)
	at org.gradle.api.internal.tasks.testing.junit.JUnitTestClassExecuter.runTestClass(JUnitTestClassExecuter.java:86)
	at org.gradle.api.internal.tasks.testing.junit.JUnitTestClassExecuter.execute(JUnitTestClassExecuter.java:49)
	at org.gradle.api.internal.tasks.testing.junit.JUnitTestClassProcessor.processTestClass(JUnitTestClassProcessor.java:69)
	at org.gradle.api.internal.tasks.testing.SuiteTestClassProcessor.processTestClass(SuiteTestClassProcessor.java:48)
	at sun.reflect.NativeMethodAccessorImpl.invoke0(Native Method)
	at sun.reflect.NativeMethodAccessorImpl.invoke(NativeMethodAccessorImpl.java:62)
	at sun.reflect.DelegatingMethodAccessorImpl.invoke(DelegatingMethodAccessorImpl.java:43)
	at java.lang.reflect.Method.invoke(Method.java:497)
	at org.gradle.messaging.dispatch.ReflectionDispatch.dispatch(ReflectionDispatch.java:35)
	at org.gradle.messaging.dispatch.ReflectionDispatch.dispatch(ReflectionDispatch.java:24)
	at org.gradle.messaging.dispatch.ContextClassLoaderDispatch.dispatch(ContextClassLoaderDispatch.java:32)
	at org.gradle.messaging.dispatch.ProxyDispatchAdapter$DispatchingInvocationHandler.invoke(ProxyDispatchAdapter.java:93)
	at com.sun.proxy.$Proxy2.processTestClass(Unknown Source)
	at org.gradle.api.internal.tasks.testing.worker.TestWorker.processTestClass(TestWorker.java:105)
	at sun.reflect.NativeMethodAccessorImpl.invoke0(Native Method)
	at sun.reflect.NativeMethodAccessorImpl.invoke(NativeMethodAccessorImpl.java:62)
	at sun.reflect.DelegatingMethodAccessorImpl.invoke(DelegatingMethodAccessorImpl.java:43)
	at java.lang.reflect.Method.invoke(Method.java:497)
	at org.gradle.messaging.dispatch.ReflectionDispatch.dispatch(ReflectionDispatch.java:35)
	at org.gradle.messaging.dispatch.ReflectionDispatch.dispatch(ReflectionDispatch.java:24)
	at org.gradle.messaging.remote.internal.hub.MessageHub$Handler.run(MessageHub.java:360)
	at org.gradle.internal.concurrent.DefaultExecutorFactory$StoppableExecutorImpl$1.run(DefaultExecutorFactory.java:64)
	at java.util.concurrent.ThreadPoolExecutor.runWorker(ThreadPoolExecutor.java:1142)
	at java.util.concurrent.ThreadPoolExecutor$Worker.run(ThreadPoolExecutor.java:617)
	at java.lang.Thread.run(Thread.java:745)
</failure>
  </testcase>
  <system-out><![CDATA[16:11:55.243 [Test worker] DEBUG o.g.a.i.a.m.DefaultLocalMavenRepositoryLocator - No local repository in Settings file defined. Using default path: C:\Users\Administrator\.m2\repository
16:11:55.883 [Test worker] INFO  c.a.b.gradle.AppExtension_Decorated - Creating configuration compile.
16:11:55.894 [Test worker] INFO  c.a.b.gradle.AppExtension_Decorated - Creating configuration apk.
16:11:55.902 [Test worker] INFO  c.a.b.gradle.AppExtension_Decorated - Creating configuration provided.
16:11:55.904 [Test worker] INFO  c.a.b.gradle.AppExtension_Decorated - Creating configuration wearApp.
16:11:55.910 [Test worker] INFO  c.a.b.gradle.AppExtension_Decorated - Creating configuration androidTestCompile.
16:11:55.911 [Test worker] INFO  c.a.b.gradle.AppExtension_Decorated - Creating configuration androidTestApk.
16:11:55.918 [Test worker] INFO  c.a.b.gradle.AppExtension_Decorated - Creating configuration androidTestProvided.
16:11:55.921 [Test worker] INFO  c.a.b.gradle.AppExtension_Decorated - Creating configuration androidTestWearApp.
16:11:55.931 [Test worker] INFO  c.a.b.gradle.AppExtension_Decorated - Creating configuration testCompile.
16:11:55.937 [Test worker] INFO  c.a.b.gradle.AppExtension_Decorated - Creating configuration testApk.
16:11:55.943 [Test worker] INFO  c.a.b.gradle.AppExtension_Decorated - Creating configuration testProvided.
16:11:55.957 [Test worker] INFO  c.a.b.gradle.AppExtension_Decorated - Creating configuration testWearApp.
16:11:56.241 [Test worker] INFO  c.a.b.gradle.AppExtension_Decorated - Creating configuration debugCompile.
16:11:56.242 [Test worker] INFO  c.a.b.gradle.AppExtension_Decorated - Creating configuration debugApk.
16:11:56.262 [Test worker] INFO  c.a.b.gradle.AppExtension_Decorated - Creating configuration debugProvided.
16:11:56.265 [Test worker] INFO  c.a.b.gradle.AppExtension_Decorated - Creating configuration debugWearApp.
16:11:56.271 [Test worker] INFO  c.a.b.gradle.AppExtension_Decorated - Creating configuration testDebugCompile.
16:11:56.271 [Test worker] INFO  c.a.b.gradle.AppExtension_Decorated - Creating configuration testDebugApk.
16:11:56.276 [Test worker] INFO  c.a.b.gradle.AppExtension_Decorated - Creating configuration testDebugProvided.
16:11:56.278 [Test worker] INFO  c.a.b.gradle.AppExtension_Decorated - Creating configuration testDebugWearApp.
16:11:56.319 [Test worker] INFO  c.a.b.gradle.AppExtension_Decorated - Creating configuration releaseCompile.
16:11:56.320 [Test worker] INFO  c.a.b.gradle.AppExtension_Decorated - Creating configuration releaseApk.
16:11:56.320 [Test worker] INFO  c.a.b.gradle.AppExtension_Decorated - Creating configuration releaseProvided.
16:11:56.321 [Test worker] INFO  c.a.b.gradle.AppExtension_Decorated - Creating configuration releaseWearApp.
16:11:56.322 [Test worker] INFO  c.a.b.gradle.AppExtension_Decorated - Creating configuration testReleaseCompile.
16:11:56.323 [Test worker] INFO  c.a.b.gradle.AppExtension_Decorated - Creating configuration testReleaseApk.
16:11:56.323 [Test worker] INFO  c.a.b.gradle.AppExtension_Decorated - Creating configuration testReleaseProvided.
16:11:56.323 [Test worker] INFO  c.a.b.gradle.AppExtension_Decorated - Creating configuration testReleaseWearApp.
16:11:56.471 [Test worker] INFO  c.a.b.gradle.AppExtension_Decorated - Creating configuration alphaCompile.
16:11:56.477 [Test worker] INFO  c.a.b.gradle.AppExtension_Decorated - Creating configuration alphaApk.
16:11:56.480 [Test worker] INFO  c.a.b.gradle.AppExtension_Decorated - Creating configuration alphaProvided.
16:11:56.483 [Test worker] INFO  c.a.b.gradle.AppExtension_Decorated - Creating configuration alphaWearApp.
16:11:56.502 [Test worker] INFO  c.a.b.gradle.AppExtension_Decorated - Creating configuration testAlphaCompile.
16:11:56.513 [Test worker] INFO  c.a.b.gradle.AppExtension_Decorated - Creating configuration testAlphaApk.
16:11:56.515 [Test worker] INFO  c.a.b.gradle.AppExtension_Decorated - Creating configuration testAlphaProvided.
16:11:56.518 [Test worker] INFO  c.a.b.gradle.AppExtension_Decorated - Creating configuration testAlphaWearApp.
16:11:56.540 [Test worker] INFO  c.a.b.gradle.AppExtension_Decorated - Creating configuration aaaaCompile.
16:11:56.547 [Test worker] INFO  c.a.b.gradle.AppExtension_Decorated - Creating configuration aaaaApk.
16:11:56.554 [Test worker] INFO  c.a.b.gradle.AppExtension_Decorated - Creating configuration aaaaProvided.
16:11:56.558 [Test worker] INFO  c.a.b.gradle.AppExtension_Decorated - Creating configuration aaaaWearApp.
16:11:56.563 [Test worker] INFO  c.a.b.gradle.AppExtension_Decorated - Creating configuration testAaaaCompile.
16:11:56.564 [Test worker] INFO  c.a.b.gradle.AppExtension_Decorated - Creating configuration testAaaaApk.
16:11:56.565 [Test worker] INFO  c.a.b.gradle.AppExtension_Decorated - Creating configuration testAaaaProvided.
16:11:56.567 [Test worker] INFO  c.a.b.gradle.AppExtension_Decorated - Creating configuration testAaaaWearApp.
16:11:56.582 [Test worker] INFO  c.a.b.gradle.AppExtension_Decorated - Creating configuration bbbbCompile.
16:11:56.585 [Test worker] INFO  c.a.b.gradle.AppExtension_Decorated - Creating configuration bbbbApk.
16:11:56.587 [Test worker] INFO  c.a.b.gradle.AppExtension_Decorated - Creating configuration bbbbProvided.
16:11:56.599 [Test worker] INFO  c.a.b.gradle.AppExtension_Decorated - Creating configuration bbbbWearApp.
16:11:56.607 [Test worker] INFO  c.a.b.gradle.AppExtension_Decorated - Creating configuration testBbbbCompile.
16:11:56.609 [Test worker] INFO  c.a.b.gradle.AppExtension_Decorated - Creating configuration testBbbbApk.
16:11:56.613 [Test worker] INFO  c.a.b.gradle.AppExtension_Decorated - Creating configuration testBbbbProvided.
16:11:56.618 [Test worker] INFO  c.a.b.gradle.AppExtension_Decorated - Creating configuration testBbbbWearApp.
16:11:56.632 [Test worker] INFO  c.a.b.gradle.AppExtension_Decorated - Creating configuration cccCompile.
16:11:56.654 [Test worker] INFO  c.a.b.gradle.AppExtension_Decorated - Creating configuration cccApk.
16:11:56.660 [Test worker] INFO  c.a.b.gradle.AppExtension_Decorated - Creating configuration cccProvided.
16:11:56.663 [Test worker] INFO  c.a.b.gradle.AppExtension_Decorated - Creating configuration cccWearApp.
16:11:56.666 [Test worker] INFO  c.a.b.gradle.AppExtension_Decorated - Creating configuration testCccCompile.
16:11:56.668 [Test worker] INFO  c.a.b.gradle.AppExtension_Decorated - Creating configuration testCccApk.
16:11:56.671 [Test worker] INFO  c.a.b.gradle.AppExtension_Decorated - Creating configuration testCccProvided.
16:11:56.675 [Test worker] INFO  c.a.b.gradle.AppExtension_Decorated - Creating configuration testCccWearApp.
dddddddddddddd   assemble
dddddddddddddd   assembleAaaa
dddddddddddddd   assembleAlpha
dddddddddddddd   assembleBbbb
dddddddddddddd   assembleCcc
dddddddddddddd   assembleDebug
dddddddddddddd   assembleRelease
dddddddddddddd   build
dddddddddddddd   buildDependents
dddddddddddddd   buildNeeded
dddddddddddddd   check
dddddddddddddd   clean
dddddddddddddd   connectedCheck
dddddddddddddd   deviceCheck
dddddddddddddd   hello
dddddddddddddd   preBuild
dddddddddddddd   uninstallAll
]]></system-out>
  <system-err><![CDATA[]]></system-err>
</testsuite>
